[HIVEMIND-ALPHA] Initialization log
Timestamp: $(date -u +"%Y-%m-%dT%H:%M:%SZ")
Status: INITIALIZED
[2026-03-05 01:31:50,379] [INFO] ✓ Manifest loaded
[2026-03-05 01:31:50,380] [INFO] 🔱 Hivemind-Alpha initialized
[2026-03-05 01:31:50,380] [INFO] 🔄 Synchronizing repositories...
[2026-03-05 01:31:51,216] [INFO] ✓ Repository sync complete
[2026-03-05 01:31:51,217] [INFO] ✓ Manifest persisted
[2026-03-05 01:31:51,217] [INFO] 🔎 Verifying hallucination-free status...
[2026-03-05 01:31:51,811] [INFO] ✓ Hallucination-free verification passed
[2026-03-05 01:31:51,811] [INFO] ⚖️ Applying zero-tolerance policy...
[2026-03-05 01:31:51,832] [WARNING] ⚠️  Uncommitted changes detected. Commit required.
[2026-03-05 01:31:51,832] [INFO] Run: git add -A && git commit -m 'Hivemind sync'
[2026-03-05 01:31:51,832] [INFO] ✓ Zero-tolerance policy applied
[2026-03-05 01:31:51,833] [INFO] 💊 Running system health check...
[2026-03-05 01:31:51,834] [INFO] 🔍 Validating workspace integrity...
[2026-03-05 01:31:51,836] [INFO] ✓ Integrity check passed
[2026-03-05 01:31:51,836] [INFO] 🔄 Synchronizing repositories...
[2026-03-05 01:31:52,300] [INFO] ✓ Repository sync complete
[2026-03-05 01:31:52,300] [INFO] ✓ Manifest persisted
[2026-03-05 01:31:52,301] [INFO] 🔎 Verifying hallucination-free status...
[2026-03-05 01:31:52,821] [INFO] ✓ Hallucination-free verification passed
[2026-03-05 01:31:52,822] [INFO] Health: HEALTHY
[2026-03-05 01:31:52,822] [INFO] 💊 Running system health check...
[2026-03-05 01:31:52,822] [INFO] 🔍 Validating workspace integrity...
[2026-03-05 01:31:52,822] [INFO] ✓ Integrity check passed
[2026-03-05 01:31:52,822] [INFO] 🔄 Synchronizing repositories...
[2026-03-05 01:31:53,150] [INFO] ✓ Repository sync complete
[2026-03-05 01:31:53,151] [INFO] ✓ Manifest persisted
[2026-03-05 01:31:53,151] [INFO] 🔎 Verifying hallucination-free status...
[2026-03-05 01:31:53,704] [INFO] ✓ Hallucination-free verification passed
[2026-03-05 01:31:53,704] [INFO] Health: HEALTHY
[2026-03-05 01:45:02,509] [INFO] ✓ Manifest loaded
[2026-03-05 01:45:02,509] [INFO] 🔱 Hivemind-Alpha initialized
[2026-03-05 01:45:02,509] [INFO] 🔄 Synchronizing repositories...
[2026-03-05 01:45:02,972] [INFO] ✓ Fetched all existing remotes
[2026-03-05 01:45:02,992] [INFO] Adding remote 'example-remote' -> https://github.com/owner/example-remote.git
[2026-03-05 01:45:03,013] [INFO] Fetching remote 'example-remote'
[2026-03-05 01:45:03,534] [INFO] ✓ Repository sync complete
[2026-03-05 01:45:03,538] [INFO] ✓ Manifest persisted
[2026-03-05 01:45:03,539] [INFO] 🔎 Verifying hallucination-free status...
[2026-03-05 01:45:04,148] [INFO] ✓ Hallucination-free verification passed
[2026-03-05 01:45:04,149] [INFO] ⚖️ Applying zero-tolerance policy...
[2026-03-05 01:45:04,155] [WARNING] ⚠️  Uncommitted changes detected. Commit required.
[2026-03-05 01:45:04,155] [INFO] Run: git add -A && git commit -m 'Hivemind sync'
[2026-03-05 01:45:04,156] [INFO] ✓ Zero-tolerance policy applied
[2026-03-05 01:45:04,156] [INFO] 💊 Running system health check...
[2026-03-05 01:45:04,157] [INFO] 🔍 Validating workspace integrity...
[2026-03-05 01:45:04,157] [INFO] ✓ Integrity check passed
[2026-03-05 01:45:04,157] [INFO] 🔄 Synchronizing repositories...
[2026-03-05 01:45:04,825] [ERROR] ❌ Fetch failed: remote: Repository not found.
fatal: repository 'https://github.com/owner/example-remote.git/' not found
error: could not fetch example-remote

[2026-03-05 01:45:04,825] [INFO] 🔎 Verifying hallucination-free status...
[2026-03-05 01:45:05,505] [INFO] ✓ Hallucination-free verification passed
[2026-03-05 01:45:05,505] [INFO] Health: DEGRADED
[2026-03-05 01:45:05,506] [INFO] 💊 Running system health check...
[2026-03-05 01:45:05,506] [INFO] 🔍 Validating workspace integrity...
[2026-03-05 01:45:05,506] [INFO] ✓ Integrity check passed
[2026-03-05 01:45:05,506] [INFO] 🔄 Synchronizing repositories...
[2026-03-05 01:45:06,147] [ERROR] ❌ Fetch failed: remote: Repository not found.
fatal: repository 'https://github.com/owner/example-remote.git/' not found
error: could not fetch example-remote

[2026-03-05 01:45:06,147] [INFO] 🔎 Verifying hallucination-free status...
[2026-03-05 01:45:06,684] [INFO] ✓ Hallucination-free verification passed
[2026-03-05 01:45:06,684] [INFO] Health: DEGRADED
[2026-03-05 01:50:37,039] [INFO] ✓ Manifest loaded
[2026-03-05 01:50:37,039] [INFO] 🔱 Hivemind-Alpha initialized
[2026-03-05 01:50:37,039] [INFO] 🔄 Synchronizing repositories...
[2026-03-05 01:50:37,733] [ERROR] ❌ Fetch failed: remote: Repository not found.
fatal: repository 'https://github.com/owner/example-remote.git/' not found
error: could not fetch example-remote

[2026-03-05 01:50:37,733] [WARNING] ⚠️ Repository sync completed with errors
[2026-03-05 01:50:37,734] [INFO] ✓ Manifest persisted
[2026-03-05 01:50:37,734] [INFO] 🔎 Verifying hallucination-free status...
[2026-03-05 01:50:38,318] [INFO] ✓ Hallucination-free verification passed
[2026-03-05 01:50:38,318] [INFO] ⚖️ Applying zero-tolerance policy...
[2026-03-05 01:50:38,332] [WARNING] ⚠️  Uncommitted changes detected. Commit required.
[2026-03-05 01:50:38,332] [INFO] Run: git add -A && git commit -m 'Hivemind sync'
[2026-03-05 01:50:38,332] [INFO] ✓ Zero-tolerance policy applied
[2026-03-05 01:50:38,332] [INFO] 💊 Running system health check...
[2026-03-05 01:50:38,333] [INFO] 🔍 Validating workspace integrity...
[2026-03-05 01:50:38,333] [INFO] ✓ Integrity check passed
[2026-03-05 01:50:38,333] [INFO] 🔄 Synchronizing repositories...
[2026-03-05 01:50:38,967] [ERROR] ❌ Fetch failed: remote: Repository not found.
fatal: repository 'https://github.com/owner/example-remote.git/' not found
error: could not fetch example-remote

[2026-03-05 01:50:38,967] [WARNING] ⚠️ Repository sync completed with errors
[2026-03-05 01:50:38,968] [INFO] ✓ Manifest persisted
[2026-03-05 01:50:38,968] [INFO] 🔎 Verifying hallucination-free status...
[2026-03-05 01:50:39,583] [INFO] ✓ Hallucination-free verification passed
[2026-03-05 01:50:39,583] [INFO] Health: DEGRADED
[2026-03-05 01:50:39,584] [INFO] 💊 Running system health check...
[2026-03-05 01:50:39,584] [INFO] 🔍 Validating workspace integrity...
[2026-03-05 01:50:39,584] [INFO] ✓ Integrity check passed
[2026-03-05 01:50:39,584] [INFO] 🔄 Synchronizing repositories...
[2026-03-05 01:50:40,461] [ERROR] ❌ Fetch failed: remote: Repository not found.
fatal: repository 'https://github.com/owner/example-remote.git/' not found
error: could not fetch example-remote

[2026-03-05 01:50:40,462] [WARNING] ⚠️ Repository sync completed with errors
[2026-03-05 01:50:40,462] [INFO] ✓ Manifest persisted
[2026-03-05 01:50:40,463] [INFO] 🔎 Verifying hallucination-free status...
[2026-03-05 01:50:41,050] [INFO] ✓ Hallucination-free verification passed
[2026-03-05 01:50:41,050] [INFO] Health: DEGRADED
[2026-03-05 01:51:47,376] [INFO] ✓ Manifest loaded
[2026-03-05 01:51:47,377] [INFO] 🔱 Hivemind-Alpha initialized
[2026-03-05 01:51:47,377] [INFO] 🔄 Synchronizing repositories...
[2026-03-05 01:51:47,733] [INFO] ✓ Fetched all existing remotes
[2026-03-05 01:51:47,734] [INFO] ✓ Repository sync complete
[2026-03-05 01:51:47,734] [INFO] ✓ Manifest persisted
[2026-03-05 01:51:47,735] [INFO] 🔎 Verifying hallucination-free status...
[2026-03-05 01:51:48,325] [INFO] ✓ Hallucination-free verification passed
[2026-03-05 01:51:48,327] [INFO] ⚖️ Applying zero-tolerance policy...
[2026-03-05 01:51:48,359] [WARNING] ⚠️  Uncommitted changes detected. Commit required.
[2026-03-05 01:51:48,359] [INFO] Run: git add -A && git commit -m 'Hivemind sync'
[2026-03-05 01:51:48,359] [INFO] ✓ Zero-tolerance policy applied
[2026-03-05 01:51:48,359] [INFO] 💊 Running system health check...
[2026-03-05 01:51:48,359] [INFO] 🔍 Validating workspace integrity...
[2026-03-05 01:51:48,359] [INFO] ✓ Integrity check passed
[2026-03-05 01:51:48,362] [INFO] 🔄 Synchronizing repositories...
[2026-03-05 01:51:48,805] [INFO] ✓ Fetched all existing remotes
[2026-03-05 01:51:48,805] [INFO] ✓ Repository sync complete
[2026-03-05 01:51:48,806] [INFO] ✓ Manifest persisted
[2026-03-05 01:51:48,806] [INFO] 🔎 Verifying hallucination-free status...
[2026-03-05 01:51:49,464] [INFO] ✓ Hallucination-free verification passed
[2026-03-05 01:51:49,464] [INFO] Health: HEALTHY
[2026-03-05 01:51:49,464] [INFO] 💊 Running system health check...
[2026-03-05 01:51:49,464] [INFO] 🔍 Validating workspace integrity...
[2026-03-05 01:51:49,465] [INFO] ✓ Integrity check passed
[2026-03-05 01:51:49,465] [INFO] 🔄 Synchronizing repositories...
[2026-03-05 01:51:49,888] [INFO] ✓ Fetched all existing remotes
[2026-03-05 01:51:49,888] [INFO] ✓ Repository sync complete
[2026-03-05 01:51:49,889] [INFO] ✓ Manifest persisted
[2026-03-05 01:51:49,889] [INFO] 🔎 Verifying hallucination-free status...
[2026-03-05 01:51:50,434] [INFO] ✓ Hallucination-free verification passed
[2026-03-05 01:51:50,434] [INFO] Health: HEALTHY
[2026-03-05 02:48:13,065] [INFO] ✓ Manifest loaded
[2026-03-05 02:48:13,066] [INFO] 🔱 Hivemind-Alpha initialized
[2026-03-05 02:48:13,066] [INFO] 🔄 Synchronizing repositories...
[2026-03-05 02:48:13,075] [INFO] Remote changes detected; proceeding with fetch.
[2026-03-05 02:48:13,430] [INFO] ✓ Fetched all existing remotes
[2026-03-05 02:48:13,430] [INFO] ✓ Repository sync complete
[2026-03-05 02:48:13,431] [INFO] ✓ Manifest persisted
[2026-03-05 02:48:13,431] [INFO] 🔎 Verifying hallucination-free status...
[2026-03-05 02:48:14,467] [INFO] ✓ Hallucination-free verification passed
[2026-03-05 02:48:14,467] [INFO] ⚖️ Applying zero-tolerance policy...
[2026-03-05 02:48:14,475] [WARNING] ⚠️ Uncommitted changes detected. Commit required.
[2026-03-05 02:48:14,476] [INFO] Run: git add -A && git commit -m 'Hivemind sync'
[2026-03-05 02:48:14,476] [INFO] ✓ Zero-tolerance policy applied
[2026-03-05 02:48:14,477] [INFO] 💊 Running system health check...
[2026-03-05 02:48:14,477] [INFO] 🔍 Validating workspace integrity...
[2026-03-05 02:48:14,477] [INFO] ✓ Integrity check passed
[2026-03-05 02:48:14,477] [INFO] 🔄 Synchronizing repositories...
[2026-03-05 02:48:14,490] [INFO] Remote changes detected; proceeding with fetch.
[2026-03-05 02:48:14,897] [INFO] ✓ Fetched all existing remotes
[2026-03-05 02:48:14,897] [INFO] ✓ Repository sync complete
[2026-03-05 02:48:14,898] [INFO] ✓ Manifest persisted
[2026-03-05 02:48:14,899] [INFO] 🔎 Verifying hallucination-free status...
[2026-03-05 02:48:16,092] [INFO] ✓ Hallucination-free verification passed
[2026-03-05 02:48:16,092] [INFO] Health: HEALTHY
[2026-03-05 02:48:16,092] [INFO] 💊 Running system health check...
[2026-03-05 02:48:16,092] [INFO] 🔍 Validating workspace integrity...
[2026-03-05 02:48:16,092] [INFO] ✓ Integrity check passed
[2026-03-05 02:48:16,093] [INFO] 🔄 Synchronizing repositories...
[2026-03-05 02:48:16,102] [INFO] Remote changes detected; proceeding with fetch.
[2026-03-05 02:48:16,594] [INFO] ✓ Fetched all existing remotes
[2026-03-05 02:48:16,595] [INFO] ✓ Repository sync complete
[2026-03-05 02:48:16,597] [INFO] ✓ Manifest persisted
[2026-03-05 02:48:16,597] [INFO] 🔎 Verifying hallucination-free status...
[2026-03-05 02:48:17,747] [INFO] ✓ Hallucination-free verification passed
[2026-03-05 02:48:17,747] [INFO] Health: HEALTHY
[2026-03-05 02:52:30,784] [INFO] ✓ Manifest loaded
[2026-03-05 02:52:30,784] [INFO] 🔱 Hivemind-Alpha initialized
[2026-03-05 02:52:30,784] [INFO] 🔄 Synchronizing repositories...
[2026-03-05 02:52:30,798] [INFO] Remote changes detected; proceeding with fetch.
[2026-03-05 02:52:31,253] [INFO] ✓ Fetched all existing remotes
[2026-03-05 02:52:31,254] [INFO] ✓ Repository sync complete
[2026-03-05 02:52:31,254] [INFO] ✓ Manifest persisted
[2026-03-05 02:52:31,254] [INFO] 🔎 Verifying hallucination-free status...
[2026-03-05 02:52:32,155] [INFO] ✓ Hallucination-free verification passed
[2026-03-05 02:52:32,156] [INFO] ⚖️ Applying zero-tolerance policy...
[2026-03-05 02:52:32,161] [WARNING] ⚠️ Uncommitted changes detected. Commit required.
[2026-03-05 02:52:32,162] [INFO] Run: git add -A && git commit -m 'Hivemind sync'
[2026-03-05 02:52:32,162] [INFO] ✓ Zero-tolerance policy applied
[2026-03-05 02:52:32,162] [INFO] 💊 Running system health check...
[2026-03-05 02:52:32,162] [INFO] 🔍 Validating workspace integrity...
[2026-03-05 02:52:32,162] [INFO] ✓ Integrity check passed
[2026-03-05 02:52:32,163] [INFO] 🔄 Synchronizing repositories...
[2026-03-05 02:52:32,170] [INFO] Remote changes detected; proceeding with fetch.
[2026-03-05 02:52:32,682] [INFO] ✓ Fetched all existing remotes
[2026-03-05 02:52:32,682] [INFO] ✓ Repository sync complete
[2026-03-05 02:52:32,682] [INFO] ✓ Manifest persisted
[2026-03-05 02:52:32,683] [INFO] 🔎 Verifying hallucination-free status...
[2026-03-05 02:52:33,742] [INFO] ✓ Hallucination-free verification passed
[2026-03-05 02:52:33,742] [INFO] Health: HEALTHY
[2026-03-05 02:52:33,742] [INFO] 💊 Running system health check...
[2026-03-05 02:52:33,742] [INFO] 🔍 Validating workspace integrity...
[2026-03-05 02:52:33,742] [INFO] ✓ Integrity check passed
[2026-03-05 02:52:33,742] [INFO] 🔄 Synchronizing repositories...
[2026-03-05 02:52:33,748] [INFO] Remote changes detected; proceeding with fetch.
[2026-03-05 02:52:34,266] [INFO] ✓ Fetched all existing remotes
[2026-03-05 02:52:34,267] [INFO] ✓ Repository sync complete
[2026-03-05 02:52:34,267] [INFO] ✓ Manifest persisted
[2026-03-05 02:52:34,268] [INFO] 🔎 Verifying hallucination-free status...
[2026-03-05 02:52:35,524] [INFO] ✓ Hallucination-free verification passed
[2026-03-05 02:52:35,524] [INFO] Health: HEALTHY
[2026-03-05 19:45:56,441] [INFO] ✓ Manifest loaded
[2026-03-05 19:45:56,441] [INFO] 🔱 Hivemind-Alpha initialized
[2026-03-05 19:45:56,442] [INFO] 🔄 Synchronizing repositories...
[2026-03-05 19:45:56,446] [INFO] Remote changes detected; proceeding with fetch.
[2026-03-05 19:45:58,342] [INFO] ✓ Fetched all existing remotes
[2026-03-05 19:45:58,342] [INFO] ✓ Repository sync complete
[2026-03-05 19:45:58,343] [INFO] ✓ Manifest persisted
[2026-03-05 19:45:58,343] [INFO] 🔎 Verifying hallucination-free status...
[2026-03-05 19:45:59,465] [INFO] ✓ Hallucination-free verification passed
[2026-03-05 19:45:59,465] [INFO] ⚖️ Applying zero-tolerance policy...
[2026-03-05 19:45:59,475] [WARNING] ⚠️ Uncommitted changes detected. Commit required.
[2026-03-05 19:45:59,475] [INFO] Run: git add -A && git commit -m 'Hivemind sync'
[2026-03-05 19:45:59,475] [INFO] ✓ Zero-tolerance policy applied
[2026-03-05 19:45:59,475] [INFO] 💊 Running system health check...
[2026-03-05 19:45:59,475] [INFO] 🔍 Validating workspace integrity...
[2026-03-05 19:45:59,476] [INFO] ✓ Integrity check passed
[2026-03-05 19:45:59,476] [INFO] 🔄 Synchronizing repositories...
[2026-03-05 19:45:59,481] [INFO] Remote changes detected; proceeding with fetch.
[2026-03-05 19:45:59,814] [INFO] ✓ Fetched all existing remotes
[2026-03-05 19:45:59,814] [INFO] ✓ Repository sync complete
[2026-03-05 19:45:59,814] [INFO] ✓ Manifest persisted
[2026-03-05 19:45:59,815] [INFO] 🔎 Verifying hallucination-free status...
[2026-03-05 19:46:01,005] [INFO] ✓ Hallucination-free verification passed
[2026-03-05 19:46:01,005] [INFO] Health: HEALTHY
[2026-03-05 19:46:01,005] [INFO] 💊 Running system health check...
[2026-03-05 19:46:01,005] [INFO] 🔍 Validating workspace integrity...
[2026-03-05 19:46:01,005] [INFO] ✓ Integrity check passed
[2026-03-05 19:46:01,006] [INFO] 🔄 Synchronizing repositories...
[2026-03-05 19:46:01,011] [INFO] Remote changes detected; proceeding with fetch.
[2026-03-05 19:46:01,446] [INFO] ✓ Fetched all existing remotes
[2026-03-05 19:46:01,446] [INFO] ✓ Repository sync complete
[2026-03-05 19:46:01,447] [INFO] ✓ Manifest persisted
[2026-03-05 19:46:01,447] [INFO] 🔎 Verifying hallucination-free status...
[2026-03-05 19:46:02,529] [INFO] ✓ Hallucination-free verification passed
[2026-03-05 19:46:02,529] [INFO] Health: HEALTHY
[2026-03-05 19:52:18,374] [INFO] ✓ Manifest loaded
[2026-03-05 19:52:18,374] [INFO] 🔱 Hivemind-Alpha initialized
[2026-03-05 19:52:18,375] [INFO] 🔄 Synchronizing repositories...
[2026-03-05 19:52:18,389] [INFO] Remote changes detected; proceeding with fetch.
[2026-03-05 19:52:18,762] [INFO] ✓ Fetched all existing remotes
[2026-03-05 19:52:18,762] [INFO] ✓ Repository sync complete
[2026-03-05 19:52:18,763] [INFO] ✓ Manifest persisted
[2026-03-05 19:52:18,764] [INFO] 🔎 Verifying hallucination-free status...
[2026-03-05 19:52:19,929] [INFO] ✓ Hallucination-free verification passed
[2026-03-05 19:52:19,931] [INFO] ⚖️ Applying zero-tolerance policy...
[2026-03-05 19:52:19,948] [WARNING] ⚠️ Uncommitted changes detected. Commit required.
[2026-03-05 19:52:19,948] [INFO] Run: git add -A && git commit -m 'Hivemind sync'
[2026-03-05 19:52:19,948] [INFO] ✓ Zero-tolerance policy applied
[2026-03-05 19:52:19,949] [INFO] 💊 Running system health check...
[2026-03-05 19:52:19,949] [INFO] 🔍 Validating workspace integrity...
[2026-03-05 19:52:19,949] [INFO] ✓ Integrity check passed
[2026-03-05 19:52:19,950] [INFO] 🔄 Synchronizing repositories...
[2026-03-05 19:52:19,958] [INFO] Remote changes detected; proceeding with fetch.
[2026-03-05 19:52:20,426] [INFO] ✓ Fetched all existing remotes
[2026-03-05 19:52:20,427] [INFO] ✓ Repository sync complete
[2026-03-05 19:52:20,428] [INFO] ✓ Manifest persisted
[2026-03-05 19:52:20,428] [INFO] 🔎 Verifying hallucination-free status...
[2026-03-05 19:52:21,534] [INFO] ✓ Hallucination-free verification passed
[2026-03-05 19:52:21,534] [INFO] Health: HEALTHY
[2026-03-05 19:52:21,534] [INFO] 💊 Running system health check...
[2026-03-05 19:52:21,535] [INFO] 🔍 Validating workspace integrity...
[2026-03-05 19:52:21,535] [INFO] ✓ Integrity check passed
[2026-03-05 19:52:21,535] [INFO] 🔄 Synchronizing repositories...
[2026-03-05 19:52:21,546] [INFO] Remote changes detected; proceeding with fetch.
[2026-03-05 19:52:21,995] [INFO] ✓ Fetched all existing remotes
[2026-03-05 19:52:21,995] [INFO] ✓ Repository sync complete
[2026-03-05 19:52:21,995] [INFO] ✓ Manifest persisted
[2026-03-05 19:52:21,995] [INFO] 🔎 Verifying hallucination-free status...
[2026-03-05 19:52:23,455] [INFO] ✓ Hallucination-free verification passed
[2026-03-05 19:52:23,457] [INFO] Health: HEALTHY
[2026-03-05 20:26:13,118] [INFO] ✓ Manifest loaded
[2026-03-05 20:26:13,118] [INFO] 🔱 Hivemind-Alpha initialized
[2026-03-05 20:26:13,118] [INFO] 🔄 Synchronizing repositories...
[2026-03-05 20:26:13,122] [INFO] Remote changes detected; proceeding with fetch.
[2026-03-05 20:26:13,671] [INFO] ✓ Fetched all existing remotes
[2026-03-05 20:26:13,671] [INFO] ✓ Repository sync complete
[2026-03-05 20:26:13,671] [INFO] ✓ Manifest persisted
[2026-03-05 20:26:13,672] [INFO] 🔎 Verifying hallucination-free status...
[2026-03-05 20:26:14,770] [INFO] ✓ Hallucination-free verification passed
[2026-03-05 20:26:14,770] [INFO] ⚖️ Applying zero-tolerance policy...
[2026-03-05 20:26:14,786] [WARNING] ⚠️ Uncommitted changes detected. Commit required.
[2026-03-05 20:26:14,787] [INFO] Run: git add -A && git commit -m 'Hivemind sync'
[2026-03-05 20:26:14,787] [INFO] ✓ Zero-tolerance policy applied
[2026-03-05 20:26:14,787] [INFO] 💊 Running system health check...
[2026-03-05 20:26:14,787] [INFO] 🔍 Validating workspace integrity...
[2026-03-05 20:26:14,787] [INFO] ✓ Integrity check passed
[2026-03-05 20:26:14,787] [INFO] 🔄 Synchronizing repositories...
[2026-03-05 20:26:14,796] [INFO] Remote changes detected; proceeding with fetch.
[2026-03-05 20:26:15,120] [INFO] ✓ Fetched all existing remotes
[2026-03-05 20:26:15,121] [INFO] ✓ Repository sync complete
[2026-03-05 20:26:15,121] [INFO] ✓ Manifest persisted
[2026-03-05 20:26:15,121] [INFO] 🔎 Verifying hallucination-free status...
[2026-03-05 20:26:16,794] [INFO] ✓ Hallucination-free verification passed
[2026-03-05 20:26:16,794] [INFO] Health: HEALTHY
[2026-03-05 20:26:16,794] [INFO] 💊 Running system health check...
[2026-03-05 20:26:16,795] [INFO] 🔍 Validating workspace integrity...
[2026-03-05 20:26:16,795] [INFO] ✓ Integrity check passed
[2026-03-05 20:26:16,795] [INFO] 🔄 Synchronizing repositories...
[2026-03-05 20:26:16,806] [INFO] Remote changes detected; proceeding with fetch.
[2026-03-05 20:26:17,173] [INFO] ✓ Fetched all existing remotes
[2026-03-05 20:26:17,174] [INFO] ✓ Repository sync complete
[2026-03-05 20:26:17,177] [INFO] ✓ Manifest persisted
[2026-03-05 20:26:17,178] [INFO] 🔎 Verifying hallucination-free status...
[2026-03-05 20:26:18,845] [INFO] ✓ Hallucination-free verification passed
[2026-03-05 20:26:18,845] [INFO] Health: HEALTHY
[2026-03-05 20:42:09,349] [INFO] ✓ Manifest loaded
[2026-03-05 20:42:09,350] [INFO] 🔱 Hivemind-Alpha initialized
[2026-03-05 20:42:09,350] [INFO] 🔄 Synchronizing repositories...
[2026-03-05 20:42:09,366] [INFO] Remote changes detected; proceeding with fetch.
[2026-03-05 20:42:09,895] [INFO] ✓ Fetched all existing remotes
[2026-03-05 20:42:09,895] [INFO] ✓ Repository sync complete
[2026-03-05 20:42:09,896] [INFO] ✓ Manifest persisted
[2026-03-05 20:42:09,896] [INFO] 🔎 Verifying hallucination-free status...
[2026-03-05 20:42:11,279] [INFO] ✓ Hallucination-free verification passed
[2026-03-05 20:42:11,280] [INFO] ⚖️ Applying zero-tolerance policy...
[2026-03-05 20:42:11,291] [WARNING] ⚠️ Uncommitted changes detected. Commit required.
[2026-03-05 20:42:11,291] [INFO] Run: git add -A && git commit -m 'Hivemind sync'
[2026-03-05 20:42:11,291] [INFO] ✓ Zero-tolerance policy applied
[2026-03-05 20:42:11,292] [INFO] 💊 Running system health check...
[2026-03-05 20:42:11,292] [INFO] 🔍 Validating workspace integrity...
[2026-03-05 20:42:11,292] [INFO] ✓ Integrity check passed
[2026-03-05 20:42:11,292] [INFO] 🔄 Synchronizing repositories...
[2026-03-05 20:42:11,302] [INFO] Remote changes detected; proceeding with fetch.
[2026-03-05 20:42:11,789] [INFO] ✓ Fetched all existing remotes
[2026-03-05 20:42:11,789] [INFO] ✓ Repository sync complete
[2026-03-05 20:42:11,790] [INFO] ✓ Manifest persisted
[2026-03-05 20:42:11,790] [INFO] 🔎 Verifying hallucination-free status...
[2026-03-05 20:42:12,867] [INFO] ✓ Hallucination-free verification passed
[2026-03-05 20:42:12,867] [INFO] Health: HEALTHY
[2026-03-05 20:42:12,867] [INFO] 💊 Running system health check...
[2026-03-05 20:42:12,868] [INFO] 🔍 Validating workspace integrity...
[2026-03-05 20:42:12,868] [INFO] ✓ Integrity check passed
[2026-03-05 20:42:12,868] [INFO] 🔄 Synchronizing repositories...
[2026-03-05 20:42:12,891] [INFO] Remote changes detected; proceeding with fetch.
[2026-03-05 20:42:13,458] [INFO] ✓ Fetched all existing remotes
[2026-03-05 20:42:13,461] [INFO] ✓ Repository sync complete
[2026-03-05 20:42:13,462] [INFO] ✓ Manifest persisted
[2026-03-05 20:42:13,464] [INFO] 🔎 Verifying hallucination-free status...
[2026-03-05 20:42:15,229] [INFO] ✓ Hallucination-free verification passed
[2026-03-05 20:42:15,229] [INFO] Health: HEALTHY
